ops/mariabridge/app/build/intermediates/manifest_merge_blame_file/debug/processDebugMainManifest/manifest-merger-blame-debug-report.txt
1<?xml version="1.0" encoding="utf-8"?>
2<manifest xmlns:android="http://schemas.android.com/apk/res/android"
3    package="io.intensa.mariabridge"
4    android:versionCode="33"
5    android:versionName="4.8" >
6
7    <uses-sdk
8        android:minSdkVersion="26"
9        android:targetSdkVersion="34" />
10
11    <uses-permission android:name="android.permission.INTERNET" />
11-->src/main/AndroidManifest.xml:5:5-66
11-->src/main/AndroidManifest.xml:5:22-64
12    <uses-permission android:name="android.permission.FOREGROUND_SERVICE" />
12-->src/main/AndroidManifest.xml:6:5-76
12-->src/main/AndroidManifest.xml:6:22-74
13    <uses-permission android:name="android.permission.FOREGROUND_SERVICE_DATA_SYNC" />
13-->src/main/AndroidManifest.xml:7:5-86
13-->src/main/AndroidManifest.xml:7:22-84
14    <uses-permission android:name="android.permission.POST_NOTIFICATIONS" />
14-->src/main/AndroidManifest.xml:8:5-76
14-->src/main/AndroidManifest.xml:8:22-74
15    <uses-permission android:name="android.permission.RECEIVE_BOOT_COMPLETED" />
15-->src/main/AndroidManifest.xml:9:5-80
15-->src/main/AndroidManifest.xml:9:22-78
16    <uses-permission android:name="android.permission.WAKE_LOCK" />
16-->src/main/AndroidManifest.xml:10:5-67
16-->src/main/AndroidManifest.xml:10:22-65
17    <uses-permission android:name="android.permission.REQUEST_INSTALL_PACKAGES" />
17-->src/main/AndroidManifest.xml:11:5-82
17-->src/main/AndroidManifest.xml:11:22-80
18    <uses-permission android:name="android.permission.MANAGE_EXTERNAL_STORAGE" />
18-->src/main/AndroidManifest.xml:12:5-13:39
18-->src/main/AndroidManifest.xml:12:22-79
19
20    <permission
20-->[androidx.core:core:1.13.1] AndroidManifest.xml:22:5-24:47
21        android:name="io.intensa.mariabridge.DYNAMIC_RECEIVER_NOT_EXPORTED_PERMISSION"
21-->[androidx.core:core:1.13.1] AndroidManifest.xml:23:9-81
22        android:protectionLevel="signature" />
22-->[androidx.core:core:1.13.1] AndroidManifest.xml:24:9-44
23
24    <uses-permission android:name="io.intensa.mariabridge.DYNAMIC_RECEIVER_NOT_EXPORTED_PERMISSION" />
24-->[androidx.core:core:1.13.1] AndroidManifest.xml:26:5-97
24-->[androidx.core:core:1.13.1] AndroidManifest.xml:26:22-94
25
26    <application
26-->src/main/AndroidManifest.xml:15:5-81:19
27        android:allowBackup="false"
27-->src/main/AndroidManifest.xml:18:9-36
28        android:appComponentFactory="androidx.core.app.CoreComponentFactory"
28-->[androidx.core:core:1.13.1] AndroidManifest.xml:28:18-86
29        android:debuggable="true"
30        android:extractNativeLibs="false"
31        android:icon="@android:drawable/sym_action_email"
31-->src/main/AndroidManifest.xml:17:9-58
32        android:label="MariaBridge"
32-->src/main/AndroidManifest.xml:16:9-36
33        android:supportsRtl="true" >
33-->src/main/AndroidManifest.xml:19:9-35
34        <activity
34-->src/main/AndroidManifest.xml:21:9-33:20
35            android:name="io.intensa.mariabridge.MainActivity"
35-->src/main/AndroidManifest.xml:21:19-47
36            android:exported="true" >
36-->src/main/AndroidManifest.xml:21:48-71
37            <intent-filter>
37-->src/main/AndroidManifest.xml:22:13-25:29
38                <action android:name="android.intent.action.MAIN" />
38-->src/main/AndroidManifest.xml:23:17-68
38-->src/main/AndroidManifest.xml:23:25-66
39
40                <category android:name="android.intent.category.LAUNCHER" />
40-->src/main/AndroidManifest.xml:24:17-76
40-->src/main/AndroidManifest.xml:24:27-74
41            </intent-filter>
42            <!-- Config por link (v2.6): mariabridge://config?url=..&secret=.. -->
43            <intent-filter>
43-->src/main/AndroidManifest.xml:27:13-32:29
44                <action android:name="android.intent.action.VIEW" />
44-->src/main/AndroidManifest.xml:28:17-68
44-->src/main/AndroidManifest.xml:28:25-66
45
46                <category android:name="android.intent.category.DEFAULT" />
46-->src/main/AndroidManifest.xml:29:17-75
46-->src/main/AndroidManifest.xml:29:27-73
47                <category android:name="android.intent.category.BROWSABLE" />
47-->src/main/AndroidManifest.xml:30:17-77
47-->src/main/AndroidManifest.xml:30:27-75
48
49                <data
49-->src/main/AndroidManifest.xml:31:17-75
50                    android:host="config"
50-->src/main/AndroidManifest.xml:31:52-73
51                    android:scheme="mariabridge" />
51-->src/main/AndroidManifest.xml:31:23-51
52            </intent-filter>
53        </activity>
54
55        <!-- Escucha las notificaciones de WhatsApp (recibir) -->
56        <service
56-->src/main/AndroidManifest.xml:36:9-44:19
57            android:name="io.intensa.mariabridge.NotifListener"
57-->src/main/AndroidManifest.xml:37:13-42
58            android:exported="false"
58-->src/main/AndroidManifest.xml:40:13-37
59            android:label="MariaBridge — lectura de WhatsApp"
59-->src/main/AndroidManifest.xml:38:13-62
60            android:permission="android.permission.BIND_NOTIFICATION_LISTENER_SERVICE" >
60-->src/main/AndroidManifest.xml:39:13-87
61            <intent-filter>
61-->src/main/AndroidManifest.xml:41:13-43:29
62                <action android:name="android.service.notification.NotificationListenerService" />
62-->src/main/AndroidManifest.xml:42:17-98
62-->src/main/AndroidManifest.xml:42:25-96
63            </intent-filter>
64        </service>
65
66        <!-- Poller de la cola de salientes (responder / iniciar) -->
67        <service
67-->src/main/AndroidManifest.xml:47:9-50:39
68            android:name="io.intensa.mariabridge.OutboxService"
68-->src/main/AndroidManifest.xml:48:13-42
69            android:exported="false"
69-->src/main/AndroidManifest.xml:50:13-37
70            android:foregroundServiceType="dataSync" />
70-->src/main/AndroidManifest.xml:49:13-53
71
72        <!-- Arranca solo al bootear el teléfono -->
73        <receiver
73-->src/main/AndroidManifest.xml:53:9-57:20
74            android:name="io.intensa.mariabridge.BootReceiver"
74-->src/main/AndroidManifest.xml:53:19-47
75            android:exported="true" >
75-->src/main/AndroidManifest.xml:53:48-71
76            <intent-filter>
76-->src/main/AndroidManifest.xml:54:13-56:29
77                <action android:name="android.intent.action.BOOT_COMPLETED" />
77-->src/main/AndroidManifest.xml:55:17-78
77-->src/main/AndroidManifest.xml:55:25-76
78            </intent-filter>
79        </receiver>
80
81        <!-- Envío en frío: toca "enviar" de WhatsApp por accesibilidad -->
82        <service
82-->src/main/AndroidManifest.xml:60:9-70:19
83            android:name="io.intensa.mariabridge.WaSendService"
83-->src/main/AndroidManifest.xml:61:13-42
84            android:exported="false"
84-->src/main/AndroidManifest.xml:63:13-37
85            android:permission="android.permission.BIND_ACCESSIBILITY_SERVICE" >
85-->src/main/AndroidManifest.xml:62:13-79
86            <intent-filter>
86-->src/main/AndroidManifest.xml:64:13-66:29
87                <action android:name="android.accessibilityservice.AccessibilityService" />
87-->src/main/AndroidManifest.xml:65:17-91
87-->src/main/AndroidManifest.xml:65:25-89
88            </intent-filter>
89
90            <meta-data
90-->src/main/AndroidManifest.xml:67:13-69:59
91                android:name="android.accessibilityservice"
91-->src/main/AndroidManifest.xml:68:17-60
92                android:resource="@xml/wa_accessibility" />
92-->src/main/AndroidManifest.xml:69:17-57
93        </service>
94
95        <provider
95-->src/main/AndroidManifest.xml:72:9-80:20
96            android:name="androidx.core.content.FileProvider"
96-->src/main/AndroidManifest.xml:73:13-62
97            android:authorities="io.intensa.mariabridge.fileprovider"
97-->src/main/AndroidManifest.xml:74:13-70
98            android:exported="false"
98-->src/main/AndroidManifest.xml:75:13-37
99            android:grantUriPermissions="true" >
99-->src/main/AndroidManifest.xml:76:13-47
100            <meta-data
100-->src/main/AndroidManifest.xml:77:13-79:53
101                android:name="android.support.FILE_PROVIDER_PATHS"
101-->src/main/AndroidManifest.xml:78:17-67
102                android:resource="@xml/file_paths" />
102-->src/main/AndroidManifest.xml:79:17-51
103        </provider>
104        <provider
104-->[androidx.emoji2:emoji2:1.3.0] AndroidManifest.xml:24:9-32:20
105            android:name="androidx.startup.InitializationProvider"
105-->[androidx.emoji2:emoji2:1.3.0] AndroidManifest.xml:25:13-67
106            android:authorities="io.intensa.mariabridge.androidx-startup"
106-->[androidx.emoji2:emoji2:1.3.0] AndroidManifest.xml:26:13-68
107            android:exported="false" >
107-->[androidx.emoji2:emoji2:1.3.0] AndroidManifest.xml:27:13-37
108            <meta-data
108-->[androidx.emoji2:emoji2:1.3.0] AndroidManifest.xml:29:13-31:52
109                android:name="androidx.emoji2.text.EmojiCompatInitializer"
109-->[androidx.emoji2:emoji2:1.3.0] AndroidManifest.xml:30:17-75
110                android:value="androidx.startup" />
110-->[androidx.emoji2:emoji2:1.3.0] AndroidManifest.xml:31:17-49
111            <meta-data
111-->[androidx.lifecycle:lifecycle-process:2.6.2] AndroidManifest.xml:29:13-31:52
112                android:name="androidx.lifecycle.ProcessLifecycleInitializer"
112-->[androidx.lifecycle:lifecycle-process:2.6.2] AndroidManifest.xml:30:17-78
113                android:value="androidx.startup" />
113-->[androidx.lifecycle:lifecycle-process:2.6.2] AndroidManifest.xml:31:17-49
114            <meta-data
114-->[androidx.profileinstaller:profileinstaller:1.3.1] AndroidManifest.xml:29:13-31:52
115                android:name="androidx.profileinstaller.ProfileInstallerInitializer"
115-->[androidx.profileinstaller:profileinstaller:1.3.1] AndroidManifest.xml:30:17-85
116                android:value="androidx.startup" />
116-->[androidx.profileinstaller:profileinstaller:1.3.1] AndroidManifest.xml:31:17-49
117        </provider>
118
119        <receiver
119-->[androidx.profileinstaller:profileinstaller:1.3.1] AndroidManifest.xml:34:9-52:20
120            android:name="androidx.profileinstaller.ProfileInstallReceiver"
120-->[androidx.profileinstaller:profileinstaller:1.3.1] AndroidManifest.xml:35:13-76
121            android:directBootAware="false"
121-->[androidx.profileinstaller:profileinstaller:1.3.1] AndroidManifest.xml:36:13-44
122            android:enabled="true"
122-->[androidx.profileinstaller:profileinstaller:1.3.1] AndroidManifest.xml:37:13-35
123            android:exported="true"
123-->[androidx.profileinstaller:profileinstaller:1.3.1] AndroidManifest.xml:38:13-36
124            android:permission="android.permission.DUMP" >
124-->[androidx.profileinstaller:profileinstaller:1.3.1] AndroidManifest.xml:39:13-57
125            <intent-filter>
125-->[androidx.profileinstaller:profileinstaller:1.3.1] AndroidManifest.xml:40:13-42:29
126                <action android:name="androidx.profileinstaller.action.INSTALL_PROFILE" />
126-->[androidx.profileinstaller:profileinstaller:1.3.1] AndroidManifest.xml:41:17-91
126-->[androidx.profileinstaller:profileinstaller:1.3.1] AndroidManifest.xml:41:25-88
127            </intent-filter>
128            <intent-filter>
128-->[androidx.profileinstaller:profileinstaller:1.3.1] AndroidManifest.xml:43:13-45:29
129                <action android:name="androidx.profileinstaller.action.SKIP_FILE" />
129-->[androidx.profileinstaller:profileinstaller:1.3.1] AndroidManifest.xml:44:17-85
129-->[androidx.profileinstaller:profileinstaller:1.3.1] AndroidManifest.xml:44:25-82
130            </intent-filter>
131            <intent-filter>
131-->[androidx.profileinstaller:profileinstaller:1.3.1] AndroidManifest.xml:46:13-48:29
132                <action android:name="androidx.profileinstaller.action.SAVE_PROFILE" />
132-->[androidx.profileinstaller:profileinstaller:1.3.1] AndroidManifest.xml:47:17-88
132-->[androidx.profileinstaller:profileinstaller:1.3.1] AndroidManifest.xml:47:25-85
133            </intent-filter>
134            <intent-filter>
134-->[androidx.profileinstaller:profileinstaller:1.3.1] AndroidManifest.xml:49:13-51:29
135                <action android:name="androidx.profileinstaller.action.BENCHMARK_OPERATION" />
135-->[androidx.profileinstaller:profileinstaller:1.3.1] AndroidManifest.xml:50:17-95
135-->[androidx.profileinstaller:profileinstaller:1.3.1] AndroidManifest.xml:50:25-92
136            </intent-filter>
137        </receiver>
138    </application>
139
140</manifest>